<html>
<head>
<title>TestNG:  Test</title>
<link href="../testng.css" rel="stylesheet" type="text/css" />
<link href="../my-testng.css" rel="stylesheet" type="text/css" />

<style type="text/css">
.log { display: none;} 
.stack-trace { display: none;} 
</style>
<script type="text/javascript">
<!--
function flip(e) {
  current = e.style.display;
  if (current == 'block') {
    e.style.display = 'none';
    return 0;
  }
  else {
    e.style.display = 'block';
    return 1;
  }
}

function toggleBox(szDivId, elem, msg1, msg2)
{
  var res = -1;  if (document.getElementById) {
    res = flip(document.getElementById(szDivId));
  }
  else if (document.all) {
    // this is the way old msie versions work
    res = flip(document.all[szDivId]);
  }
  if(elem) {
    if(res == 0) elem.innerHTML = msg1; else elem.innerHTML = msg2;
  }

}

function toggleAllBoxes() {
  if (document.getElementsByTagName) {
    d = document.getElementsByTagName('div');
    for (i = 0; i < d.length; i++) {
      if (d[i].className == 'log') {
        flip(d[i]);
      }
    }
  }
}

// -->
</script>

</head>
<body>
<h2 align='center'>Test</h2><table border='1' align="center">
<tr>
<td>Tests passed/Failed/Skipped:</td><td>26/3/0</td>
</tr><tr>
<td>Started on:</td><td>Fri Sep 02 18:43:15 IST 2022</td>
</tr>
<tr><td>Total time:</td><td>1211 seconds (1211836 ms)</td>
</tr><tr>
<td>Included groups:</td><td></td>
</tr><tr>
<td>Excluded groups:</td><td></td>
</tr>
</table><p/>
<small><i>(Hover the method name to see the test class name)</i></small><p/>
<table width='100%' border='1' class='invocation-failed'>
<tr><td colspan='4' align='center'><b>FAILED TESTS</b></td></tr>
<tr><td><b>Test method</b></td>
<td width="30%"><b>Exception</b></td>
<td width="10%"><b>Time (seconds)</b></td>
<td><b>Instance</b></td>
</tr>
<tr>
<td title='leadActivities.AddTaskTest.changingTaskStatusTest()'><b>changingTaskStatusTest</b><br>Test class: leadActivities.AddTaskTest</td>
<td><div><pre>org.openqa.selenium.NoSuchElementException: no such element: Unable to locate element: {&quot;method&quot;:&quot;xpath&quot;,&quot;selector&quot;:&quot;//span[@name=&apos;lead_id&apos;]&quot;}
  (Session info: headless chrome=105.0.5195.52)
  (Driver info: chromedriver=72.0.3626.7 (efcef9a3ecda02b2132af215116a03852d08b9cb),platform=Linux 5.15.0-46-generic x86_64) (WARNING: The server did not provide any stacktrace information)
Command duration or timeout: 20.04 seconds
For documentation on this error, please visit: http://seleniumhq.org/exceptions/no_such_element.html
Build info: version: &apos;3.4.0&apos;, revision: &apos;unknown&apos;, time: &apos;unknown&apos;
System info: host: &apos;digvijay-Vostro-3583&apos;, ip: &apos;127.0.1.1&apos;, os.name: &apos;Linux&apos;, os.arch: &apos;amd64&apos;, os.version: &apos;5.15.0-46-generic&apos;, java.version: &apos;17.0.2&apos;
Driver info: org.openqa.selenium.chrome.ChromeDriver
Capabilities [{mobileEmulationEnabled=false, timeouts={implicit=0.0, pageLoad=300000.0, script=30000.0}, hasTouchScreen=false, platform=LINUX, acceptSslCerts=false, goog:chromeOptions={debuggerAddress=localhost:43271}, acceptInsecureCerts=false, webStorageEnabled=true, browserName=chrome, takesScreenshot=true, javascriptEnabled=true, setWindowRect=true, unexpectedAlertBehaviour=ignore, applicationCacheEnabled=false, rotatable=false, networkConnectionEnabled=false, chrome={chromedriverVersion=72.0.3626.7 (efcef9a3ecda02b2132af215116a03852d08b9cb), userDataDir=/tmp/.com.google.Chrome.ZPwd9p}, takesHeapSnapshot=true, pageLoadStrategy=normal, databaseEnabled=false, handlesAlerts=true, version=105.0.5195.52, browserConnectionEnabled=false, proxy=Proxy(), nativeEvents=true, locationContextEnabled=true, cssSelectorsEnabled=true}]
Session ID: 560778aea140942f5f5762f4f9a952c0
*** Element info: {Using=xpath, value=//span[@name=&apos;lead_id&apos;]}
	at org.openqa.selenium.remote.ErrorHandler.createThrowable(ErrorHandler.java:215)
	at org.openqa.selenium.remote.ErrorHandler.throwIfResponseFailed(ErrorHandler.java:167)
	at org.openqa.selenium.remote.RemoteWebDriver.execute(RemoteWebDriver.java:671)
	at org.openqa.selenium.remote.RemoteWebDriver.findElement(RemoteWebDriver.java:410)
	at org.openqa.selenium.remote.RemoteWebDriver.findElementByXPath(RemoteWebDriver.java:509)
	at org.openqa.selenium.By$ByXPath.findElement(By.java:361)
	at org.openqa.selenium.remote.RemoteWebDriver.findElement(RemoteWebDriver.java:402)
	at leadActivities.AddTaskTest.changingTaskStatusTest(AddTaskTest.java:76)
	at java.base/java.util.ArrayList.forEach(ArrayList.java:1511)
... Removed 32 stack frames</pre></div><a href='#' onClick='toggleBox("stack-trace1846568576", this, "Click to show all stack frames", "Click to hide stack frames")'>Click to show all stack frames</a>
<div class='stack-trace' id='stack-trace1846568576'><pre>org.openqa.selenium.NoSuchElementException: no such element: Unable to locate element: {&quot;method&quot;:&quot;xpath&quot;,&quot;selector&quot;:&quot;//span[@name=&apos;lead_id&apos;]&quot;}
  (Session info: headless chrome=105.0.5195.52)
  (Driver info: chromedriver=72.0.3626.7 (efcef9a3ecda02b2132af215116a03852d08b9cb),platform=Linux 5.15.0-46-generic x86_64) (WARNING: The server did not provide any stacktrace information)
Command duration or timeout: 20.04 seconds
For documentation on this error, please visit: http://seleniumhq.org/exceptions/no_such_element.html
Build info: version: &apos;3.4.0&apos;, revision: &apos;unknown&apos;, time: &apos;unknown&apos;
System info: host: &apos;digvijay-Vostro-3583&apos;, ip: &apos;127.0.1.1&apos;, os.name: &apos;Linux&apos;, os.arch: &apos;amd64&apos;, os.version: &apos;5.15.0-46-generic&apos;, java.version: &apos;17.0.2&apos;
Driver info: org.openqa.selenium.chrome.ChromeDriver
Capabilities [{mobileEmulationEnabled=false, timeouts={implicit=0.0, pageLoad=300000.0, script=30000.0}, hasTouchScreen=false, platform=LINUX, acceptSslCerts=false, goog:chromeOptions={debuggerAddress=localhost:43271}, acceptInsecureCerts=false, webStorageEnabled=true, browserName=chrome, takesScreenshot=true, javascriptEnabled=true, setWindowRect=true, unexpectedAlertBehaviour=ignore, applicationCacheEnabled=false, rotatable=false, networkConnectionEnabled=false, chrome={chromedriverVersion=72.0.3626.7 (efcef9a3ecda02b2132af215116a03852d08b9cb), userDataDir=/tmp/.com.google.Chrome.ZPwd9p}, takesHeapSnapshot=true, pageLoadStrategy=normal, databaseEnabled=false, handlesAlerts=true, version=105.0.5195.52, browserConnectionEnabled=false, proxy=Proxy(), nativeEvents=true, locationContextEnabled=true, cssSelectorsEnabled=true}]
Session ID: 560778aea140942f5f5762f4f9a952c0
*** Element info: {Using=xpath, value=//span[@name=&apos;lead_id&apos;]}
	at java.base/jdk.internal.reflect.NativeConstructorAccessorImpl.newInstance0(Native Method)
	at java.base/jdk.internal.reflect.NativeConstructorAccessorImpl.newInstance(NativeConstructorAccessorImpl.java:77)
	at java.base/jdk.internal.reflect.DelegatingConstructorAccessorImpl.newInstance(DelegatingConstructorAccessorImpl.java:45)
	at java.base/java.lang.reflect.Constructor.newInstanceWithCaller(Constructor.java:499)
	at java.base/java.lang.reflect.Constructor.newInstance(Constructor.java:480)
	at org.openqa.selenium.remote.ErrorHandler.createThrowable(ErrorHandler.java:215)
	at org.openqa.selenium.remote.ErrorHandler.throwIfResponseFailed(ErrorHandler.java:167)
	at org.openqa.selenium.remote.RemoteWebDriver.execute(RemoteWebDriver.java:671)
	at org.openqa.selenium.remote.RemoteWebDriver.findElement(RemoteWebDriver.java:410)
	at org.openqa.selenium.remote.RemoteWebDriver.findElementByXPath(RemoteWebDriver.java:509)
	at org.openqa.selenium.By$ByXPath.findElement(By.java:361)
	at org.openqa.selenium.remote.RemoteWebDriver.findElement(RemoteWebDriver.java:402)
	at leadActivities.AddTaskTest.changingTaskStatusTest(AddTaskTest.java:76)
	at java.base/jdk.internal.reflect.NativeMethodAccessorImpl.invoke0(Native Method)
	at java.base/jdk.internal.reflect.NativeMethodAccessorImpl.invoke(NativeMethodAccessorImpl.java:77)
	at java.base/jdk.internal.reflect.DelegatingMethodAccessorImpl.invoke(DelegatingMethodAccessorImpl.java:43)
	at java.base/java.lang.reflect.Method.invoke(Method.java:568)
	at org.testng.internal.MethodInvocationHelper.invokeMethod(MethodInvocationHelper.java:133)
	at org.testng.internal.TestInvoker.invokeMethod(TestInvoker.java:598)
	at org.testng.internal.TestInvoker.invokeTestMethod(TestInvoker.java:173)
	at org.testng.internal.MethodRunner.runInSequence(MethodRunner.java:46)
	at org.testng.internal.TestInvoker$MethodInvocationAgent.invoke(TestInvoker.java:824)
	at org.testng.internal.TestInvoker.invokeTestMethods(TestInvoker.java:146)
	at org.testng.internal.TestMethodWorker.invokeTestMethods(TestMethodWorker.java:146)
	at org.testng.internal.TestMethodWorker.run(TestMethodWorker.java:128)
	at java.base/java.util.ArrayList.forEach(ArrayList.java:1511)
	at org.testng.TestRunner.privateRun(TestRunner.java:794)
	at org.testng.TestRunner.run(TestRunner.java:596)
	at org.testng.SuiteRunner.runTest(SuiteRunner.java:377)
	at org.testng.SuiteRunner.runSequentially(SuiteRunner.java:371)
	at org.testng.SuiteRunner.privateRun(SuiteRunner.java:332)
	at org.testng.SuiteRunner.run(SuiteRunner.java:276)
	at org.testng.SuiteRunnerWorker.runSuite(SuiteRunnerWorker.java:53)
	at org.testng.SuiteRunnerWorker.run(SuiteRunnerWorker.java:96)
	at org.testng.TestNG.runSuitesSequentially(TestNG.java:1212)
	at org.testng.TestNG.runSuitesLocally(TestNG.java:1134)
	at org.testng.TestNG.runSuites(TestNG.java:1063)
	at org.testng.TestNG.run(TestNG.java:1031)
	at org.testng.remote.AbstractRemoteTestNG.run(AbstractRemoteTestNG.java:115)
	at org.testng.remote.RemoteTestNG.initAndRun(RemoteTestNG.java:251)
	at org.testng.remote.RemoteTestNG.main(RemoteTestNG.java:77)
</pre></div></td>
<td>26</td>
<td>leadActivities.AddTaskTest@352ff4da</td></tr>
<tr>
<td title='exportPackage.ExportInvoices_ItemizedBill_EmailTest.exportInvoices_ItemizedBill_EmailTest()'><b>exportInvoices_ItemizedBill_EmailTest</b><br>Test class: exportPackage.ExportInvoices_ItemizedBill_EmailTest</td>
<td><div><pre>java.lang.AssertionError: Export is completed successfully expected [working] but found [completed]
	at exportPackage.ExportInvoices_ItemizedBill_EmailTest.exportInvoices_ItemizedBill_EmailTest(ExportInvoices_ItemizedBill_EmailTest.java:156)
	at java.base/java.util.ArrayList.forEach(ArrayList.java:1511)
... Removed 32 stack frames</pre></div><a href='#' onClick='toggleBox("stack-trace2085601983", this, "Click to show all stack frames", "Click to hide stack frames")'>Click to show all stack frames</a>
<div class='stack-trace' id='stack-trace2085601983'><pre>java.lang.AssertionError: Export is completed successfully expected [working] but found [completed]
	at org.testng.Assert.fail(Assert.java:99)
	at org.testng.Assert.failNotEquals(Assert.java:1037)
	at org.testng.Assert.assertEqualsImpl(Assert.java:140)
	at org.testng.Assert.assertEquals(Assert.java:122)
	at org.testng.Assert.assertEquals(Assert.java:629)
	at exportPackage.ExportInvoices_ItemizedBill_EmailTest.exportInvoices_ItemizedBill_EmailTest(ExportInvoices_ItemizedBill_EmailTest.java:156)
	at java.base/jdk.internal.reflect.NativeMethodAccessorImpl.invoke0(Native Method)
	at java.base/jdk.internal.reflect.NativeMethodAccessorImpl.invoke(NativeMethodAccessorImpl.java:77)
	at java.base/jdk.internal.reflect.DelegatingMethodAccessorImpl.invoke(DelegatingMethodAccessorImpl.java:43)
	at java.base/java.lang.reflect.Method.invoke(Method.java:568)
	at org.testng.internal.MethodInvocationHelper.invokeMethod(MethodInvocationHelper.java:133)
	at org.testng.internal.TestInvoker.invokeMethod(TestInvoker.java:598)
	at org.testng.internal.TestInvoker.invokeTestMethod(TestInvoker.java:173)
	at org.testng.internal.MethodRunner.runInSequence(MethodRunner.java:46)
	at org.testng.internal.TestInvoker$MethodInvocationAgent.invoke(TestInvoker.java:824)
	at org.testng.internal.TestInvoker.invokeTestMethods(TestInvoker.java:146)
	at org.testng.internal.TestMethodWorker.invokeTestMethods(TestMethodWorker.java:146)
	at org.testng.internal.TestMethodWorker.run(TestMethodWorker.java:128)
	at java.base/java.util.ArrayList.forEach(ArrayList.java:1511)
	at org.testng.TestRunner.privateRun(TestRunner.java:794)
	at org.testng.TestRunner.run(TestRunner.java:596)
	at org.testng.SuiteRunner.runTest(SuiteRunner.java:377)
	at org.testng.SuiteRunner.runSequentially(SuiteRunner.java:371)
	at org.testng.SuiteRunner.privateRun(SuiteRunner.java:332)
	at org.testng.SuiteRunner.run(SuiteRunner.java:276)
	at org.testng.SuiteRunnerWorker.runSuite(SuiteRunnerWorker.java:53)
	at org.testng.SuiteRunnerWorker.run(SuiteRunnerWorker.java:96)
	at org.testng.TestNG.runSuitesSequentially(TestNG.java:1212)
	at org.testng.TestNG.runSuitesLocally(TestNG.java:1134)
	at org.testng.TestNG.runSuites(TestNG.java:1063)
	at org.testng.TestNG.run(TestNG.java:1031)
	at org.testng.remote.AbstractRemoteTestNG.run(AbstractRemoteTestNG.java:115)
	at org.testng.remote.RemoteTestNG.initAndRun(RemoteTestNG.java:251)
	at org.testng.remote.RemoteTestNG.main(RemoteTestNG.java:77)
</pre></div></td>
<td>23</td>
<td>exportPackage.ExportInvoices_ItemizedBill_EmailTest@42b3b079</td></tr>
<tr>
<td title='exportPackage.ExportUserLogsTest.exportUserLogsTest()'><b>exportUserLogsTest</b><br>Test class: exportPackage.ExportUserLogsTest</td>
<td><div><pre>org.openqa.selenium.TimeoutException: Expected condition failed: waiting for visibility of element located by By.xpath: /html/body/div[6]/div/div[2]/div/div/div[2]/div/div[1]/div[1]/table/tbody/tr[2]/td[4]/span (tried for 10 second(s) with 500 MILLISECONDS interval)
	at org.openqa.selenium.support.ui.WebDriverWait.timeoutException(WebDriverWait.java:80)
	at org.openqa.selenium.support.ui.FluentWait.until(FluentWait.java:232)
	at exportPackage.ExportUserLogsTest.exportUserLogsTest(ExportUserLogsTest.java:152)
	at java.base/java.util.ArrayList.forEach(ArrayList.java:1511)
Caused by: org.openqa.selenium.NoSuchElementException: Cannot locate an element using By.xpath: /html/body/div[6]/div/div[2]/div/div/div[2]/div/div[1]/div[1]/table/tbody/tr[2]/td[4]/span
For documentation on this error, please visit: http://seleniumhq.org/exceptions/no_such_element.html
Build info: version: &apos;3.4.0&apos;, revision: &apos;unknown&apos;, time: &apos;unknown&apos;
System info: host: &apos;digvijay-Vostro-3583&apos;, ip: &apos;127.0.1.1&apos;, os.name: &apos;Linux&apos;, os.arch: &apos;amd64&apos;, os.version: &apos;5.15.0-46-generic&apos;, java.version: &apos;17.0.2&apos;
Driver info: driver.version: unknown
	at org.openqa.selenium.support.ui.ExpectedConditions.lambda$findElement$0(ExpectedConditions.java:883)
	at java.base/java.util.Optional.orElseThrow(Optional.java:403)
	at org.openqa.selenium.support.ui.ExpectedConditions.findElement(ExpectedConditions.java:882)
	at org.openqa.selenium.support.ui.ExpectedConditions.access$000(ExpectedConditions.java:44)
	at org.openqa.selenium.support.ui.ExpectedConditions$7.apply(ExpectedConditions.java:206)
	at org.openqa.selenium.support.ui.ExpectedConditions$7.apply(ExpectedConditions.java:202)
	at org.openqa.selenium.support.ui.FluentWait.until(FluentWait.java:209)
	... 29 more
... Removed 27 stack frames</pre></div><a href='#' onClick='toggleBox("stack-trace1118969241", this, "Click to show all stack frames", "Click to hide stack frames")'>Click to show all stack frames</a>
<div class='stack-trace' id='stack-trace1118969241'><pre>org.openqa.selenium.TimeoutException: Expected condition failed: waiting for visibility of element located by By.xpath: /html/body/div[6]/div/div[2]/div/div/div[2]/div/div[1]/div[1]/table/tbody/tr[2]/td[4]/span (tried for 10 second(s) with 500 MILLISECONDS interval)
	at org.openqa.selenium.support.ui.WebDriverWait.timeoutException(WebDriverWait.java:80)
	at org.openqa.selenium.support.ui.FluentWait.until(FluentWait.java:232)
	at exportPackage.ExportUserLogsTest.exportUserLogsTest(ExportUserLogsTest.java:152)
	at java.base/jdk.internal.reflect.NativeMethodAccessorImpl.invoke0(Native Method)
	at java.base/jdk.internal.reflect.NativeMethodAccessorImpl.invoke(NativeMethodAccessorImpl.java:77)
	at java.base/jdk.internal.reflect.DelegatingMethodAccessorImpl.invoke(DelegatingMethodAccessorImpl.java:43)
	at java.base/java.lang.reflect.Method.invoke(Method.java:568)
	at org.testng.internal.MethodInvocationHelper.invokeMethod(MethodInvocationHelper.java:133)
	at org.testng.internal.TestInvoker.invokeMethod(TestInvoker.java:598)
	at org.testng.internal.TestInvoker.invokeTestMethod(TestInvoker.java:173)
	at org.testng.internal.MethodRunner.runInSequence(MethodRunner.java:46)
	at org.testng.internal.TestInvoker$MethodInvocationAgent.invoke(TestInvoker.java:824)
	at org.testng.internal.TestInvoker.invokeTestMethods(TestInvoker.java:146)
	at org.testng.internal.TestMethodWorker.invokeTestMethods(TestMethodWorker.java:146)
	at org.testng.internal.TestMethodWorker.run(TestMethodWorker.java:128)
	at java.base/java.util.ArrayList.forEach(ArrayList.java:1511)
	at org.testng.TestRunner.privateRun(TestRunner.java:794)
	at org.testng.TestRunner.run(TestRunner.java:596)
	at org.testng.SuiteRunner.runTest(SuiteRunner.java:377)
	at org.testng.SuiteRunner.runSequentially(SuiteRunner.java:371)
	at org.testng.SuiteRunner.privateRun(SuiteRunner.java:332)
	at org.testng.SuiteRunner.run(SuiteRunner.java:276)
	at org.testng.SuiteRunnerWorker.runSuite(SuiteRunnerWorker.java:53)
	at org.testng.SuiteRunnerWorker.run(SuiteRunnerWorker.java:96)
	at org.testng.TestNG.runSuitesSequentially(TestNG.java:1212)
	at org.testng.TestNG.runSuitesLocally(TestNG.java:1134)
	at org.testng.TestNG.runSuites(TestNG.java:1063)
	at org.testng.TestNG.run(TestNG.java:1031)
	at org.testng.remote.AbstractRemoteTestNG.run(AbstractRemoteTestNG.java:115)
	at org.testng.remote.RemoteTestNG.initAndRun(RemoteTestNG.java:251)
	at org.testng.remote.RemoteTestNG.main(RemoteTestNG.java:77)
Caused by: org.openqa.selenium.NoSuchElementException: Cannot locate an element using By.xpath: /html/body/div[6]/div/div[2]/div/div/div[2]/div/div[1]/div[1]/table/tbody/tr[2]/td[4]/span
For documentation on this error, please visit: http://seleniumhq.org/exceptions/no_such_element.html
Build info: version: &apos;3.4.0&apos;, revision: &apos;unknown&apos;, time: &apos;unknown&apos;
System info: host: &apos;digvijay-Vostro-3583&apos;, ip: &apos;127.0.1.1&apos;, os.name: &apos;Linux&apos;, os.arch: &apos;amd64&apos;, os.version: &apos;5.15.0-46-generic&apos;, java.version: &apos;17.0.2&apos;
Driver info: driver.version: unknown
	at org.openqa.selenium.support.ui.ExpectedConditions.lambda$findElement$0(ExpectedConditions.java:883)
	at java.base/java.util.Optional.orElseThrow(Optional.java:403)
	at org.openqa.selenium.support.ui.ExpectedConditions.findElement(ExpectedConditions.java:882)
	at org.openqa.selenium.support.ui.ExpectedConditions.access$000(ExpectedConditions.java:44)
	at org.openqa.selenium.support.ui.ExpectedConditions$7.apply(ExpectedConditions.java:206)
	at org.openqa.selenium.support.ui.ExpectedConditions$7.apply(ExpectedConditions.java:202)
	at org.openqa.selenium.support.ui.FluentWait.until(FluentWait.java:209)
	... 29 more
</pre></div></td>
<td>41</td>
<td>exportPackage.ExportUserLogsTest@651aed93</td></tr>
</table><p>
<table width='100%' border='1' class='invocation-passed'>
<tr><td colspan='4' align='center'><b>PASSED TESTS</b></td></tr>
<tr><td><b>Test method</b></td>
<td width="30%"><b>Exception</b></td>
<td width="10%"><b>Time (seconds)</b></td>
<td><b>Instance</b></td>
</tr>
<tr>
<td title='login.Presales_LoginTest.presalesLoginTest()'><b>presalesLoginTest</b><br>Test class: login.Presales_LoginTest</td>
<td></td>
<td>5</td>
<td>login.Presales_LoginTest@1cb346ea</td></tr>
<tr>
<td title='login.Sales_LoginTest.salesLoginTest()'><b>salesLoginTest</b><br>Test class: login.Sales_LoginTest</td>
<td></td>
<td>6</td>
<td>login.Sales_LoginTest@4a00d9cf</td></tr>
<tr>
<td title='exportPackage.ExportPartnersTest.exportPartnetsTest()'><b>exportPartnetsTest</b><br>Test class: exportPackage.ExportPartnersTest</td>
<td></td>
<td>19</td>
<td>exportPackage.ExportPartnersTest@589da3f3</td></tr>
<tr>
<td title='login.SupportManager_LoginTest.supportManager_LoginTest()'><b>supportManager_LoginTest</b><br>Test class: login.SupportManager_LoginTest</td>
<td></td>
<td>31</td>
<td>login.SupportManager_LoginTest@14a50707</td></tr>
<tr>
<td title='exportPackage.ExportBookingsTest.exportBookingsTest()'><b>exportBookingsTest</b><br>Test class: exportPackage.ExportBookingsTest</td>
<td></td>
<td>21</td>
<td>exportPackage.ExportBookingsTest@6692b6c6</td></tr>
<tr>
<td title='login.PresalesManager_LoginTest.presalesManagerLoginTest()'><b>presalesManagerLoginTest</b><br>Test class: login.PresalesManager_LoginTest</td>
<td></td>
<td>6</td>
<td>login.PresalesManager_LoginTest@50313382</td></tr>
<tr>
<td title='exportPackage.ExportCampaignsTest.exportCampaignsTest()'><b>exportCampaignsTest</b><br>Test class: exportPackage.ExportCampaignsTest</td>
<td></td>
<td>21</td>
<td>exportPackage.ExportCampaignsTest@463fd068</td></tr>
<tr>
<td title='exportPackage.ExportUsersTest.exportUsersTest()'><b>exportUsersTest</b><br>Test class: exportPackage.ExportUsersTest</td>
<td></td>
<td>21</td>
<td>exportPackage.ExportUsersTest@748741cb</td></tr>
<tr>
<td title='exportPackage.ExportTasksTest.exportTasksTest()'><b>exportTasksTest</b><br>Test class: exportPackage.ExportTasksTest</td>
<td></td>
<td>18</td>
<td>exportPackage.ExportTasksTest@3e44f2a5</td></tr>
<tr>
<td title='login.Postsales_LoginTest.postsalesLoginTest()'><b>postsalesLoginTest</b><br>Test class: login.Postsales_LoginTest</td>
<td></td>
<td>8</td>
<td>login.Postsales_LoginTest@4c012563</td></tr>
<tr>
<td title='exportPackage.ExportLeadsTest.exportLeadsTest()'><b>exportLeadsTest</b><br>Test class: exportPackage.ExportLeadsTest</td>
<td></td>
<td>21</td>
<td>exportPackage.ExportLeadsTest@5456afaa</td></tr>
<tr>
<td title='login.Admin_LoginTest.adminLoginTest()'><b>adminLoginTest</b><br>Test class: login.Admin_LoginTest</td>
<td></td>
<td>7</td>
<td>login.Admin_LoginTest@4d518b32</td></tr>
<tr>
<td title='exportPackage.ExportSitevisitsTest.exportSitevisitsTest()'><b>exportSitevisitsTest</b><br>Test class: exportPackage.ExportSitevisitsTest</td>
<td></td>
<td>18</td>
<td>exportPackage.ExportSitevisitsTest@3224a577</td></tr>
<tr>
<td title='login.SalesManager_LoginTest.salesManagerLoginTest()'><b>salesManagerLoginTest</b><br>Test class: login.SalesManager_LoginTest</td>
<td></td>
<td>6</td>
<td>login.SalesManager_LoginTest@52815fa3</td></tr>
<tr>
<td title='leadActivities.AddConductedSiteVisitTest.addConductedSiteVisitTest()'><b>addConductedSiteVisitTest</b><br>Test class: leadActivities.AddConductedSiteVisitTest</td>
<td></td>
<td>17</td>
<td>leadActivities.AddConductedSiteVisitTest@4f4c4b1a</td></tr>
<tr>
<td title='leadActivities.AddingANoteTest.addingNoteTest()'><b>addingNoteTest</b><br>Test class: leadActivities.AddingANoteTest</td>
<td></td>
<td>11</td>
<td>leadActivities.AddingANoteTest@4e928fbf</td></tr>
<tr>
<td title='exportPackage.ExportVirtualNumbersTest.exportVirtualNumbersTest()'><b>exportVirtualNumbersTest</b><br>Test class: exportPackage.ExportVirtualNumbersTest</td>
<td></td>
<td>18</td>
<td>exportPackage.ExportVirtualNumbersTest@1b266842</td></tr>
<tr>
<td title='exportPackage.ExportCallsTest.exportCallsTest()'><b>exportCallsTest</b><br>Test class: exportPackage.ExportCallsTest</td>
<td></td>
<td>25</td>
<td>exportPackage.ExportCallsTest@bb9e6dc</td></tr>
<tr>
<td title='exportPackage.ExportFollowupsTest.exportFollowupsTest()'><b>exportFollowupsTest</b><br>Test class: exportPackage.ExportFollowupsTest</td>
<td></td>
<td>23</td>
<td>exportPackage.ExportFollowupsTest@5f77d0f9</td></tr>
<tr>
<td title='login.PostSalesManager_LoginTest.postsalesManagerLoginTest()'><b>postsalesManagerLoginTest</b><br>Test class: login.PostSalesManager_LoginTest</td>
<td></td>
<td>10</td>
<td>login.PostSalesManager_LoginTest@6736fa8d</td></tr>
<tr>
<td title='exportPackage.ExportInvoices_ItemizedBill_CalllTest.exportInvoices_ItemizedBill_CalllTest()'><b>exportInvoices_ItemizedBill_CalllTest</b><br>Test class: exportPackage.ExportInvoices_ItemizedBill_CalllTest</td>
<td></td>
<td>24</td>
<td>exportPackage.ExportInvoices_ItemizedBill_CalllTest@1cd629b3</td></tr>
<tr>
<td title='login.SuperAdmin_LoginTest.superAdmin_LoginTest()'><b>superAdmin_LoginTest</b><br>Test class: login.SuperAdmin_LoginTest</td>
<td></td>
<td>33</td>
<td>login.SuperAdmin_LoginTest@39d76cb5</td></tr>
<tr>
<td title='exportPackage.ExportInvoices_ItemizedBill_SMSTest.exportInvoices_ItemizedBill_SMSTest()'><b>exportInvoices_ItemizedBill_SMSTest</b><br>Test class: exportPackage.ExportInvoices_ItemizedBill_SMSTest</td>
<td></td>
<td>25</td>
<td>exportPackage.ExportInvoices_ItemizedBill_SMSTest@4dd6fd0a</td></tr>
<tr>
<td title='exportPackage.ExportProjectsTest.exportProjectsTest()'><b>exportProjectsTest</b><br>Test class: exportPackage.ExportProjectsTest</td>
<td></td>
<td>19</td>
<td>exportPackage.ExportProjectsTest@7a3793c7</td></tr>
<tr>
<td title='exportPackage.ExportProjectUnitsTest.exportProjectUnitsTest()'><b>exportProjectUnitsTest</b><br>Test class: exportPackage.ExportProjectUnitsTest</td>
<td></td>
<td>20</td>
<td>exportPackage.ExportProjectUnitsTest@895e367</td></tr>
<tr>
<td title='exportPackage.ExportInvoices_ItemizedBill_MarketingActivityTest.exportInvoices_ItemizedBill_MarketingActivityTest()'><b>exportInvoices_ItemizedBill_MarketingActivityTest</b><br>Test class: exportPackage.ExportInvoices_ItemizedBill_MarketingActivityTest</td>
<td></td>
<td>25</td>
<td>exportPackage.ExportInvoices_ItemizedBill_MarketingActivityTest@2e32ccc5</td></tr>
</table><p>
</body>
</html>